<?xml version="1.0" encoding="UTF-8"?>
<testsuite xmlns:xsi="http://www.w3.org/2001/XMLSchema-instance" xsi:noNamespaceSchemaLocation="https://maven.apache.org/surefire/maven-surefire-plugin/xsd/surefire-test-report.xsd" name="com.parkit.parkingsystem.InteractiveShellTest" time="0.037" tests="2" errors="0" skipped="0" failures="0">
  <properties>
[...]
</properties>
  <testcase name="testLoadMenu_shouldDisplay_theCorrectMenu" classname="com.parkit.parkingsystem.InteractiveShellTest" time="0"/>
  <testcase name="testLoadInterface_shouldDisplayTheMenu_thenDisplayTheExitMessage_whenUserInputIs3" classname="com.parkit.parkingsystem.InteractiveShellTest" time="0.016"/>
</testsuite>